*** Using Compiler 'V6.19', folder: 'D:\Softwares\Keil\ARM\ARMCLANG\Bin'
Build target 'Target 1'
compiling croutine.c...
compiling event_groups.c...
compiling sys.c...
compiling SPI.c...
compiling Delay.c...
compiling test.c...
compiling 2.4TFT.c...
compiling list.c...
compiling timers.c...
compiling queue.c...
compiling stream_buffer.c...
compiling heap_4.c...
compiling port.c...
compiling tasks.c...
assembling startup_stm32f40xx.s...
compiling system_stm32f4xx.c...
compiling misc.c...
compiling stm32f4xx_adc.c...
compiling stm32f4xx_cec.c...
compiling stm32f4xx_can.c...
compiling stm32f4xx_crc.c...
compiling stm32f4xx_cryp.c...
compiling stm32f4xx_cryp_tdes.c...
compiling stm32f4xx_cryp_des.c...
compiling stm32f4xx_dac.c...
compiling stm32f4xx_cryp_aes.c...
compiling stm32f4xx_dcmi.c...
compiling stm32f4xx_dbgmcu.c...
compiling stm32f4xx_dfsdm.c...
compiling stm32f4xx_dma.c...
compiling stm32f4xx_dsi.c...
compiling stm32f4xx_dma2d.c...
compiling stm32f4xx_exti.c...
compiling stm32f4xx_flash_ramfunc.c...
compiling stm32f4xx_flash.c...
compiling stm32f4xx_fmpi2c.c...
compiling stm32f4xx_hash.c...
compiling stm32f4xx_gpio.c...
compiling stm32f4xx_fsmc.c...
compiling stm32f4xx_hash_md5.c...
compiling stm32f4xx_hash_sha1.c...
compiling stm32f4xx_iwdg.c...
compiling stm32f4xx_i2c.c...
compiling stm32f4xx_lptim.c...
compiling stm32f4xx_pwr.c...
compiling stm32f4xx_qspi.c...
compiling stm32f4xx_ltdc.c...
compiling stm32f4xx_rcc.c...
compiling stm32f4xx_rng.c...
compiling stm32f4xx_rtc.c...
compiling stm32f4xx_spdifrx.c...
compiling stm32f4xx_sdio.c...
compiling stm32f4xx_sai.c...
compiling stm32f4xx_syscfg.c...
compiling stm32f4xx_spi.c...
compiling stm32f4xx_tim.c...
compiling stm32f4xx_usart.c...
compiling stm32f4xx_wwdg.c...
compiling main.c...
compiling stm32f4xx_it.c...
linking...
Program Size: Code=4404 RO-data=408 RW-data=0 ZI-data=1784  
FromELF: creating hex file...
".\Objects\Cyclocomputer-F407.axf" - 0 Error(s), 0 Warning(s).
Build Time Elapsed:  00:00:06
